Arguments: 
  /usr/local/Cellar/node/14.4.0/bin/node /usr/local/Cellar/yarn/1.22.4/libexec/bin/yarn.js install

PATH: 
  /usr/local/bin/fastlane:/usr/local/opt/ruby/bin:/usr/local/bin:/usr/local/bin:/usr/local/opt/ruby/bin:/usr/local/bin:/usr/local/bin:/usr/local/bin:/usr/bin:/bin:/usr/sbin:/sbin:/Users/lexx/.rvm/bin:/Users/lexx/.rvm/bin

Yarn version: 
  1.22.4

Node version: 
  14.4.0

Platform: 
  darwin x64

Trace: 
  Error: https://registry.yarnpkg.com/throttle-debounce-fn/-/throttle-debounce-fn-1.0.1.tgz: Request failed "404 Not Found"
      at ResponseError.ExtendableBuiltin (/usr/local/Cellar/yarn/1.22.4/libexec/lib/cli.js:696:66)
      at new ResponseError (/usr/local/Cellar/yarn/1.22.4/libexec/lib/cli.js:802:124)
      at Request.<anonymous> (/usr/local/Cellar/yarn/1.22.4/libexec/lib/cli.js:67057:16)
      at Request.emit (events.js:315:20)
      at Request.module.exports.Request.onRequestResponse (/usr/local/Cellar/yarn/1.22.4/libexec/lib/cli.js:141625:10)
      at ClientRequest.emit (events.js:315:20)
      at HTTPParser.parserOnIncomingClient (_http_client.js:639:27)
      at HTTPParser.parserOnHeadersComplete (_http_common.js:117:17)
      at TLSSocket.socketOnData (_http_client.js:507:22)
      at TLSSocket.emit (events.js:315:20)

npm manifest: 
  {
    "name": "chalk",
    "dependencies": {
      "jquery": "^3.2.1",
      "throttle-debounce-fn": "^1.0.1",
      "fluidbox": "^2.0.5",
      "retinajs": "^2.1.1",
      "webfontloader": "^1.6.28",
      "svgxuse": "^1.2.4"
    }
  }

yarn manifest: 
  No manifest

Lockfile: 
  # THIS IS AN AUTOGENERATED FILE. DO NOT EDIT THIS FILE DIRECTLY.
  # yarn lockfile v1
  
  
  fluidbox@^2.0.5:
    version "2.0.5"
    resolved "https://registry.yarnpkg.com/fluidbox/-/fluidbox-2.0.5.tgz#753d2595c382b4c947adf7e1baca1bbfd2e22f94"
    dependencies:
      jquery ">=1.9"
  
  jquery@>=1.4.0, jquery@>=1.9, jquery@^3.2.1:
    version "3.2.1"
    resolved "https://registry.yarnpkg.com/jquery/-/jquery-3.2.1.tgz#5c4d9de652af6cd0a770154a631bba12b015c787"
  
  retinajs@^2.1.1:
    version "2.1.3"
    resolved "https://registry.yarnpkg.com/retinajs/-/retinajs-2.1.3.tgz#1594594d799f9f59476cdfdbdef47ec0ae7ec509"
  
  svgxuse@^1.2.4:
    version "1.2.6"
    resolved "https://registry.yarnpkg.com/svgxuse/-/svgxuse-1.2.6.tgz#d6251edd07a75cb28618e0c23e8d4db64936d6be"
  
  throttle-debounce-fn@^1.0.1:
    version "1.0.1"
    resolved "https://registry.yarnpkg.com/throttle-debounce-fn/-/throttle-debounce-fn-1.0.1.tgz#baa530496a5fb567ab7bb373ea0778b9db962492"
    dependencies:
      jquery ">=1.4.0"
  
  webfontloader@^1.6.28:
    version "1.6.28"
    resolved "https://registry.yarnpkg.com/webfontloader/-/webfontloader-1.6.28.tgz#db786129253cb6e8eae54c2fb05f870af6675bae"
